<?xml version="1.0" encoding="UTF-8"?>
<!-- Generated by org.testng.reporters.JUnitXMLReporter -->
<testsuite hostname="LH7U05CG7493T4C" name="Default test" tests="3" failures="0" timestamp="14 Aug 2018 14:55:26 GMT" time="69.776" errors="0">
  <testcase name="feature" time="39.803" classname="com.qa_ORMS_TestRunner.ORMS"/>
  <testcase name="feature" time="26.322" classname="com.qa_ORMS_TestRunner.ORMS"/>
  <testcase name="feature" time="0.165" classname="com.qa_ORMS_TestRunner.ORMS"/>
</testsuite> <!-- Default test -->
